0 info it worked if it ends with ok
1 verbose cli [ '/usr/local/bin/node',
1 verbose cli   '/usr/local/bin/npm',
1 verbose cli   '--save',
1 verbose cli   'i',
1 verbose cli   'ansible' ]
2 info using npm@2.14.7
3 info using node@v4.2.1
4 verbose install initial load of /Users/bholt/dev/arena-sheets/package.json
5 verbose installManyTop reading scoped package data from /Users/bholt/dev/arena-sheets/node_modules/casperjs/package.json
6 verbose installManyTop reading scoped package data from /Users/bholt/dev/arena-sheets/node_modules/edit-google-spreadsheet/package.json
7 verbose installManyTop reading scoped package data from /Users/bholt/dev/arena-sheets/node_modules/lodash/package.json
8 verbose installManyTop reading scoped package data from /Users/bholt/dev/arena-sheets/node_modules/phantomjs/package.json
9 verbose installManyTop reading scoped package data from /Users/bholt/dev/arena-sheets/node_modules/request/package.json
10 verbose installManyTop reading scoped package data from /Users/bholt/dev/arena-sheets/node_modules/xml2json/package.json
11 info package.json casperjs@1.1.0-beta3 No license field.
12 info package.json edit-google-spreadsheet@0.2.19 No license field.
13 verbose readDependencies loading dependencies from /Users/bholt/dev/arena-sheets/package.json
14 silly cache add args [ 'ansible', null ]
15 verbose cache add spec ansible
16 silly cache add parsed spec Result {
16 silly cache add   raw: 'ansible',
16 silly cache add   scope: null,
16 silly cache add   name: 'ansible',
16 silly cache add   rawSpec: '',
16 silly cache add   spec: '*',
16 silly cache add   type: 'range' }
17 silly addNamed ansible@*
18 verbose addNamed "*" is a valid semver range for ansible
19 silly addNameRange { name: 'ansible', range: '*', hasData: false }
20 silly mapToRegistry name ansible
21 silly mapToRegistry using default registry
22 silly mapToRegistry registry https://registry.npmjs.org/
23 silly mapToRegistry uri https://registry.npmjs.org/ansible
24 verbose addNameRange registry:https://registry.npmjs.org/ansible not in flight; fetching
25 verbose request uri https://registry.npmjs.org/ansible
26 verbose request no auth needed
27 info attempt registry request try #1 at 3:15:14 PM
28 verbose request id 0ac115eb3a75396e
29 http request GET https://registry.npmjs.org/ansible
30 http 404 https://registry.npmjs.org/ansible
31 verbose headers { 'content-type': 'application/json',
31 verbose headers   'cache-control': 'max-age=0',
31 verbose headers   'content-length': '2',
31 verbose headers   'accept-ranges': 'bytes',
31 verbose headers   date: 'Sat, 31 Oct 2015 20:15:12 GMT',
31 verbose headers   via: '1.1 varnish',
31 verbose headers   age: '0',
31 verbose headers   connection: 'keep-alive',
31 verbose headers   'x-served-by': 'cache-ord1721-ORD',
31 verbose headers   'x-cache': 'MISS',
31 verbose headers   'x-cache-hits': '0',
31 verbose headers   'x-timer': 'S1446322511.731348,VS0,VE304' }
32 silly get cb [ 404,
32 silly get   { 'content-type': 'application/json',
32 silly get     'cache-control': 'max-age=0',
32 silly get     'content-length': '2',
32 silly get     'accept-ranges': 'bytes',
32 silly get     date: 'Sat, 31 Oct 2015 20:15:12 GMT',
32 silly get     via: '1.1 varnish',
32 silly get     age: '0',
32 silly get     connection: 'keep-alive',
32 silly get     'x-served-by': 'cache-ord1721-ORD',
32 silly get     'x-cache': 'MISS',
32 silly get     'x-cache-hits': '0',
32 silly get     'x-timer': 'S1446322511.731348,VS0,VE304' } ]
33 verbose stack Error: Registry returned 404 for GET on https://registry.npmjs.org/ansible
33 verbose stack     at makeError (/usr/local/lib/node_modules/npm/node_modules/npm-registry-client/lib/request.js:264:12)
33 verbose stack     at CachingRegistryClient.<anonymous> (/usr/local/lib/node_modules/npm/node_modules/npm-registry-client/lib/request.js:242:14)
33 verbose stack     at Request._callback (/usr/local/lib/node_modules/npm/node_modules/npm-registry-client/lib/request.js:172:14)
33 verbose stack     at Request.self.callback (/usr/local/lib/node_modules/npm/node_modules/request/request.js:198:22)
33 verbose stack     at emitTwo (events.js:87:13)
33 verbose stack     at Request.emit (events.js:172:7)
33 verbose stack     at Request.<anonymous> (/usr/local/lib/node_modules/npm/node_modules/request/request.js:1063:14)
33 verbose stack     at emitOne (events.js:82:20)
33 verbose stack     at Request.emit (events.js:169:7)
33 verbose stack     at IncomingMessage.<anonymous> (/usr/local/lib/node_modules/npm/node_modules/request/request.js:1009:12)
34 verbose statusCode 404
35 verbose pkgid ansible
36 verbose cwd /Users/bholt/dev/arena-sheets/ansible
37 error Darwin 14.5.0
38 error argv "/usr/local/bin/node" "/usr/local/bin/npm" "--save" "i" "ansible"
39 error node v4.2.1
40 error npm  v2.14.7
41 error code E404
42 error 404 Registry returned 404 for GET on https://registry.npmjs.org/ansible
42 error 404
42 error 404 'ansible' is not in the npm registry.
42 error 404 You should bug the author to publish it (or use the name yourself!)
42 error 404 It was specified as a dependency of 'arena-sheets'
42 error 404
42 error 404 Note that you can also install from a
42 error 404 tarball, folder, http url, or git url.
43 verbose exit [ 1, true ]
